# JRE version: OpenJDK Runtime Environment (11.0.10) (build 11.0.10+0-b96-7249189)
# Java VM: OpenJDK 64-Bit Server VM (11.0.10+0-b96-7249189, mixed mode, tiered, compressed oops, g1 gc, windows-amd64)
Heap:
 garbage-first heap   total 834560K, used 252962K [0x0000000080000000, 0x0000000100000000)
  region size 1024K, 4 young (4096K), 4 survivors (4096K)
 Metaspace       used 98437K, capacity 101165K, committed 101324K, reserved 1136640K
  class space    used 12716K, capacity 13751K, committed 13772K, reserved 1048576K
GC Heap History (20 events):
Event: 43.799 GC heap after
{Heap after GC invocations=35 (full 0):
 garbage-first heap   total 243712K, used 174244K [0x0000000080000000, 0x0000000100000000)
  region size 1024K, 4 young (4096K), 4 survivors (4096K)
 Metaspace       used 96684K, capacity 99211K, committed 99404K, reserved 1134592K
  class space    used 12568K, capacity 13532K, committed 13644K, reserved 1048576K
}
Event: 43.937 GC heap before
{Heap before GC invocations=35 (full 0):
 garbage-first heap   total 243712K, used 181412K [0x0000000080000000, 0x0000000100000000)
  region size 1024K, 11 young (11264K), 4 survivors (4096K)
 Metaspace       used 96975K, capacity 99524K, committed 99660K, reserved 1134592K
  class space    used 12617K, capacity 13615K, committed 13644K, reserved 1048576K
}
Event: 43.956 GC heap after
{Heap after GC invocations=36 (full 0):
 garbage-first heap   total 243712K, used 176640K [0x0000000080000000, 0x0000000100000000)
  region size 1024K, 2 young (2048K), 2 survivors (2048K)
 Metaspace       used 96975K, capacity 99524K, committed 99660K, reserved 1134592K
  class space    used 12617K, capacity 13615K, committed 13644K, reserved 1048576K
}
Event: 44.422 GC heap before
{Heap before GC invocations=36 (full 0):
 garbage-first heap   total 243712K, used 197120K [0x0000000080000000, 0x0000000100000000)
  region size 1024K, 23 young (23552K), 2 survivors (2048K)
 Metaspace       used 97231K, capacity 99841K, committed 99916K, reserved 1136640K
  class space    used 12631K, capacity 13626K, committed 13644K, reserved 1048576K
}
Event: 44.448 GC heap after
{Heap after GC invocations=37 (full 0):
 garbage-first heap   total 329728K, used 183715K [0x0000000080000000, 0x0000000100000000)
  region size 1024K, 3 young (3072K), 3 survivors (3072K)
 Metaspace       used 97231K, capacity 99841K, committed 99916K, reserved 1136640K
  class space    used 12631K, capacity 13626K, committed 13644K, reserved 1048576K
}
Event: 45.247 GC heap before
{Heap before GC invocations=37 (full 0):
 garbage-first heap   total 329728K, used 226723K [0x0000000080000000, 0x0000000100000000)
  region size 1024K, 46 young (47104K), 3 survivors (3072K)
 Metaspace       used 97366K, capacity 99928K, committed 100172K, reserved 1136640K
  class space    used 12621K, capacity 13604K, committed 13644K, reserved 1048576K
}
Event: 45.282 GC heap after
{Heap after GC invocations=38 (full 0):
 garbage-first heap   total 329728K, used 200561K [0x0000000080000000, 0x0000000100000000)
  region size 1024K, 6 young (6144K), 6 survivors (6144K)
 Metaspace       used 97366K, capacity 99928K, committed 100172K, reserved 1136640K
  class space    used 12621K, capacity 13604K, committed 13644K, reserved 1048576K
}
Event: 45.864 GC heap before
{Heap before GC invocations=39 (full 0):
 garbage-first heap   total 329728K, used 239473K [0x0000000080000000, 0x0000000100000000)
  region size 1024K, 45 young (46080K), 6 survivors (6144K)
 Metaspace       used 97472K, capacity 100007K, committed 100172K, reserved 1136640K
  class space    used 12621K, capacity 13604K, committed 13644K, reserved 1048576K
}
Event: 45.914 GC heap after
{Heap after GC invocations=40 (full 0):
 garbage-first heap   total 329728K, used 216064K [0x0000000080000000, 0x0000000100000000)
  region size 1024K, 6 young (6144K), 6 survivors (6144K)
 Metaspace       used 97472K, capacity 100007K, committed 100172K, reserved 1136640K
  class space    used 12621K, capacity 13604K, committed 13644K, reserved 1048576K
}
Event: 46.319 GC heap before
{Heap before GC invocations=40 (full 0):
 garbage-first heap   total 329728K, used 251904K [0x0000000080000000, 0x0000000100000000)
  region size 1024K, 41 young (41984K), 6 survivors (6144K)
 Metaspace       used 97507K, capacity 100073K, committed 100172K, reserved 1136640K
  class space    used 12621K, capacity 13604K, committed 13644K, reserved 1048576K
}
Event: 46.358 GC heap after
{Heap after GC invocations=41 (full 0):
 garbage-first heap   total 329728K, used 232960K [0x0000000080000000, 0x0000000100000000)
  region size 1024K, 6 young (6144K), 6 survivors (6144K)
 Metaspace       used 97507K, capacity 100073K, committed 100172K, reserved 1136640K
  class space    used 12621K, capacity 13604K, committed 13644K, reserved 1048576K
}
Event: 46.829 GC heap before
{Heap before GC invocations=41 (full 0):
 garbage-first heap   total 329728K, used 261632K [0x0000000080000000, 0x0000000100000000)
  region size 1024K, 34 young (34816K), 6 survivors (6144K)
 Metaspace       used 97552K, capacity 100075K, committed 100172K, reserved 1136640K
  class space    used 12621K, capacity 13604K, committed 13644K, reserved 1048576K
}
Event: 46.872 GC heap after
{Heap after GC invocations=42 (full 0):
 garbage-first heap   total 552960K, used 245760K [0x0000000080000000, 0x0000000100000000)
  region size 1024K, 5 young (5120K), 5 survivors (5120K)
 Metaspace       used 97552K, capacity 100075K, committed 100172K, reserved 1136640K
  class space    used 12621K, capacity 13604K, committed 13644K, reserved 1048576K
}
Event: 47.911 GC heap before
{Heap before GC invocations=43 (full 0):
 garbage-first heap   total 552960K, used 307200K [0x0000000080000000, 0x0000000100000000)
  region size 1024K, 66 young (67584K), 5 survivors (5120K)
 Metaspace       used 97767K, capacity 100339K, committed 100428K, reserved 1136640K
  class space    used 12629K, capacity 13603K, committed 13644K, reserved 1048576K
}
Event: 48.042 GC heap after
{Heap after GC invocations=44 (full 0):
 garbage-first heap   total 552960K, used 265216K [0x0000000080000000, 0x0000000100000000)
  region size 1024K, 9 young (9216K), 9 survivors (9216K)
 Metaspace       used 97767K, capacity 100339K, committed 100428K, reserved 1136640K
  class space    used 12629K, capacity 13603K, committed 13644K, reserved 1048576K
}
Event: 49.087 GC heap before
{Heap before GC invocations=44 (full 0):
 garbage-first heap   total 552960K, used 307200K [0x0000000080000000, 0x0000000100000000)
  region size 1024K, 52 young (53248K), 9 survivors (9216K)
 Metaspace       used 98191K, capacity 100823K, committed 101068K, reserved 1136640K
  class space    used 12687K, capacity 13692K, committed 13772K, reserved 1048576K
}
Event: 49.148 GC heap after
{Heap after GC invocations=45 (full 0):
 garbage-first heap   total 552960K, used 274356K [0x0000000080000000, 0x0000000100000000)
  region size 1024K, 9 young (9216K), 9 survivors (9216K)
 Metaspace       used 98191K, capacity 100823K, committed 101068K, reserved 1136640K
  class space    used 12687K, capacity 13692K, committed 13772K, reserved 1048576K
}
Event: 50.833 GC heap before
{Heap before GC invocations=46 (full 0):
 garbage-first heap   total 552960K, used 315316K [0x0000000080000000, 0x0000000100000000)
  region size 1024K, 66 young (67584K), 9 survivors (9216K)
 Metaspace       used 98404K, capacity 101120K, committed 101324K, reserved 1136640K
  class space    used 12714K, capacity 13717K, committed 13772K, reserved 1048576K
}
Event: 50.876 GC heap after
{Heap after GC invocations=47 (full 0):
 garbage-first heap   total 552960K, used 259068K [0x0000000080000000, 0x0000000100000000)
  region size 1024K, 7 young (7168K), 7 survivors (7168K)
 Metaspace       used 98404K, capacity 101120K, committed 101324K, reserved 1136640K
  class space    used 12714K, capacity 13717K, committed 13772K, reserved 1048576K
}
Event: 50.962 GC heap before
{Heap before GC invocations=47 (full 0):
 garbage-first heap   total 552960K, used 282620K [0x0000000080000000, 0x0000000100000000)
  region size 1024K, 27 young (27648K), 7 survivors (7168K)
 Metaspace       used 98437K, capacity 101165K, committed 101324K, reserved 1136640K
  class space    used 12716K, capacity 13751K, committed 13772K, reserved 1048576K
}

